2023.12.02 22:01:10 INFO  Started: Metals version 1.1.0 in folders '/home/jim/src/adventofcode2023' for client Visual Studio Code 1.84.2.[0m
2023.12.02 22:01:11 WARN  Build server is not auto-connectable.[0m
2023.12.02 22:01:11 WARN  no build tool detected in workspace '/home/jim/src/adventofcode2023'. The most common cause for this problem is that the editor was opened in the wrong working directory, for example if you use sbt then the workspace directory should contain build.sbt. [0m
2023.12.02 22:01:11 WARN  no build target for: /home/jim/src/adventofcode2023/day2 - Scala/puzzle1/build.sbt[0m
2023.12.02 22:01:16 INFO  no build target found for /home/jim/src/adventofcode2023/day2 - Scala/puzzle1/build.sbt. Using presentation compiler with project's scala-library version: 3.3.1[0m
2023.12.02 22:01:16 WARN  no build target for: /home/jim/src/adventofcode2023/day2 - Scala/puzzle1/src/main/scala/Main.scala[0m
2023.12.02 22:01:19 INFO  time: code lens generation in 7.35s[0m
2023.12.02 22:01:19 INFO  time: code lens generation in 2.16s[0m
2023.12.02 22:08:18 WARN  no build target for: /home/jim/src/adventofcode2023/day2 - Scala/puzzle1/src/main/scala/Main.scala[0m
2023.12.02 22:08:36 WARN  no build target for: /home/jim/src/adventofcode2023/day2 - Scala/puzzle1/src/main/scala/Main.scala[0m
2023.12.02 22:09:34 WARN  no build target for: /home/jim/src/adventofcode2023/day2 - Scala/puzzle1/src/main/scala/Main.scala[0m
2023.12.02 22:09:41 WARN  no build target for: /home/jim/src/adventofcode2023/day2 - Scala/puzzle1/src/main/scala/Main.scala[0m
2023.12.02 22:10:40 WARN  no build target for: /home/jim/src/adventofcode2023/day2 - Scala/puzzle1/src/main/scala/Main.scala[0m
2023.12.02 22:11:27 WARN  no build target for: /home/jim/src/adventofcode2023/day2 - Scala/puzzle1/src/main/scala/Main.scala[0m
2023.12.02 22:11:39 WARN  no build target for: /home/jim/src/adventofcode2023/day2 - Scala/puzzle1/src/main/scala/Main.scala[0m
Dec 02, 2023 10:12:34 PM org.eclipse.lsp4j.jsonrpc.RemoteEndpoint handleCancellation
WARNING: Unmatched cancel notification for request id 181
2023.12.02 22:12:43 WARN  no build target for: /home/jim/src/adventofcode2023/day2 - Scala/puzzle1/src/main/scala/Main.scala[0m
2023.12.02 22:14:36 ERROR Failed to tokenize input for semantic tokens for /home/jim/src/adventofcode2023/day2 - Scala/puzzle1/src/main/scala/Main.scala
scala.meta.tokenizers.TokenizeException: <input>:3: error: unclosed string interpolation
  val source = scala.io.Source.fromFile(s"${/test.txt")
                                                      ^
	at scala.meta.internal.tokenizers.Reporter.syntaxError(Reporter.scala:23)
	at scala.meta.internal.tokenizers.Reporter.syntaxError$(Reporter.scala:23)
	at scala.meta.internal.tokenizers.Reporter$$anon$1.syntaxError(Reporter.scala:33)
	at scala.meta.internal.tokenizers.Reporter.syntaxError(Reporter.scala:25)
	at scala.meta.internal.tokenizers.Reporter.syntaxError$(Reporter.scala:25)
	at scala.meta.internal.tokenizers.Reporter$$anon$1.syntaxError(Reporter.scala:33)
	at scala.meta.internal.tokenizers.LegacyScanner.getStringPart(LegacyScanner.scala:659)
	at scala.meta.internal.tokenizers.LegacyScanner.fetchDoubleQuote$1(LegacyScanner.scala:357)
	at scala.meta.internal.tokenizers.LegacyScanner.fetchToken(LegacyScanner.scala:376)
	at scala.meta.internal.tokenizers.LegacyScanner.nextToken(LegacyScanner.scala:211)
	at scala.meta.internal.tokenizers.LegacyScanner.foreach(LegacyScanner.scala:1011)
	at scala.meta.internal.tokenizers.ScalametaTokenizer.uncachedTokenize(ScalametaTokenizer.scala:24)
	at scala.meta.internal.tokenizers.ScalametaTokenizer.$anonfun$tokenize$1(ScalametaTokenizer.scala:17)
	at scala.collection.concurrent.TrieMap.getOrElseUpdate(TrieMap.scala:962)
	at scala.meta.internal.tokenizers.ScalametaTokenizer.tokenize(ScalametaTokenizer.scala:17)
	at scala.meta.internal.tokenizers.ScalametaTokenizer$$anon$2.apply(ScalametaTokenizer.scala:332)
	at scala.meta.tokenizers.Api$XtensionTokenizeDialectInput.tokenize(Api.scala:25)
	at scala.meta.tokenizers.Api$XtensionTokenizeInputLike.tokenize(Api.scala:14)
	at scala.meta.internal.metals.SemanticTokensProvider$.getTokens(SemanticTokensProvider.scala:28)
	at scala.meta.internal.metals.SemanticTokensProvider$.provide(SemanticTokensProvider.scala:89)
	at scala.meta.internal.metals.Compilers.$anonfun$semanticTokens$3(Compilers.scala:539)
	at scala.concurrent.impl.Promise$Transformation.run(Promise.scala:467)
	at java.util.concurrent.ThreadPoolExecutor.runWorker(ThreadPoolExecutor.java:1128)
	at java.util.concurrent.ThreadPoolExecutor$Worker.run(ThreadPoolExecutor.java:628)
	at java.lang.Thread.run(Thread.java:829)
[0m
2023.12.02 22:14:38 ERROR Failed to tokenize input for semantic tokens for /home/jim/src/adventofcode2023/day2 - Scala/puzzle1/src/main/scala/Main.scala
scala.meta.tokenizers.TokenizeException: <input>:3: error: unclosed string interpolation
  val source = scala.io.Source.fromFile(s"${home/test.txt")
                                                          ^
	at scala.meta.internal.tokenizers.Reporter.syntaxError(Reporter.scala:23)
	at scala.meta.internal.tokenizers.Reporter.syntaxError$(Reporter.scala:23)
	at scala.meta.internal.tokenizers.Reporter$$anon$1.syntaxError(Reporter.scala:33)
	at scala.meta.internal.tokenizers.Reporter.syntaxError(Reporter.scala:25)
	at scala.meta.internal.tokenizers.Reporter.syntaxError$(Reporter.scala:25)
	at scala.meta.internal.tokenizers.Reporter$$anon$1.syntaxError(Reporter.scala:33)
	at scala.meta.internal.tokenizers.LegacyScanner.getStringPart(LegacyScanner.scala:659)
	at scala.meta.internal.tokenizers.LegacyScanner.fetchDoubleQuote$1(LegacyScanner.scala:357)
	at scala.meta.internal.tokenizers.LegacyScanner.fetchToken(LegacyScanner.scala:376)
	at scala.meta.internal.tokenizers.LegacyScanner.nextToken(LegacyScanner.scala:211)
	at scala.meta.internal.tokenizers.LegacyScanner.foreach(LegacyScanner.scala:1011)
	at scala.meta.internal.tokenizers.ScalametaTokenizer.uncachedTokenize(ScalametaTokenizer.scala:24)
	at scala.meta.internal.tokenizers.ScalametaTokenizer.$anonfun$tokenize$1(ScalametaTokenizer.scala:17)
	at scala.collection.concurrent.TrieMap.getOrElseUpdate(TrieMap.scala:962)
	at scala.meta.internal.tokenizers.ScalametaTokenizer.tokenize(ScalametaTokenizer.scala:17)
	at scala.meta.internal.tokenizers.ScalametaTokenizer$$anon$2.apply(ScalametaTokenizer.scala:332)
	at scala.meta.tokenizers.Api$XtensionTokenizeDialectInput.tokenize(Api.scala:25)
	at scala.meta.tokenizers.Api$XtensionTokenizeInputLike.tokenize(Api.scala:14)
	at scala.meta.internal.metals.SemanticTokensProvider$.getTokens(SemanticTokensProvider.scala:28)
	at scala.meta.internal.metals.SemanticTokensProvider$.provide(SemanticTokensProvider.scala:89)
	at scala.meta.internal.metals.Compilers.$anonfun$semanticTokens$3(Compilers.scala:539)
	at scala.concurrent.impl.Promise$Transformation.run(Promise.scala:467)
	at java.util.concurrent.ThreadPoolExecutor.runWorker(ThreadPoolExecutor.java:1128)
	at java.util.concurrent.ThreadPoolExecutor$Worker.run(ThreadPoolExecutor.java:628)
	at java.lang.Thread.run(Thread.java:829)
[0m
Dec 02, 2023 10:14:48 PM org.eclipse.lsp4j.jsonrpc.RemoteEndpoint handleCancellation
WARNING: Unmatched cancel notification for request id 291
Dec 02, 2023 10:14:48 PM org.eclipse.lsp4j.jsonrpc.RemoteEndpoint handleCancellation
WARNING: Unmatched cancel notification for request id 293
Dec 02, 2023 10:15:00 PM org.eclipse.lsp4j.jsonrpc.RemoteEndpoint handleCancellation
WARNING: Unmatched cancel notification for request id 350
2023.12.02 22:15:08 WARN  no build target for: /home/jim/src/adventofcode2023/day2 - Scala/puzzle1/src/main/scala/Main.scala[0m
2023.12.02 22:16:16 WARN  no build target for: /home/jim/src/adventofcode2023/day2 - Scala/puzzle1/src/main/scala/Main.scala[0m
2023.12.02 22:16:57 WARN  no build target for: /home/jim/src/adventofcode2023/day2 - Scala/puzzle1/src/main/scala/Main.scala[0m
2023.12.02 22:18:46 ERROR Failed to tokenize input for semantic tokens for /home/jim/src/adventofcode2023/day2 - Scala/puzzle1/src/main/scala/Main.scala
scala.meta.tokenizers.TokenizeException: <input>:4: error: unclosed string interpolation
  val lines = try source.getLinesn" finally source.close()
                                   ^
	at scala.meta.internal.tokenizers.Reporter.syntaxError(Reporter.scala:23)
	at scala.meta.internal.tokenizers.Reporter.syntaxError$(Reporter.scala:23)
	at scala.meta.internal.tokenizers.Reporter$$anon$1.syntaxError(Reporter.scala:33)
	at scala.meta.internal.tokenizers.Reporter.syntaxError(Reporter.scala:25)
	at scala.meta.internal.tokenizers.Reporter.syntaxError$(Reporter.scala:25)
	at scala.meta.internal.tokenizers.Reporter$$anon$1.syntaxError(Reporter.scala:33)
	at scala.meta.internal.tokenizers.LegacyScanner.getStringPart(LegacyScanner.scala:659)
	at scala.meta.internal.tokenizers.LegacyScanner.fetchDoubleQuote$1(LegacyScanner.scala:357)
	at scala.meta.internal.tokenizers.LegacyScanner.fetchToken(LegacyScanner.scala:376)
	at scala.meta.internal.tokenizers.LegacyScanner.nextToken(LegacyScanner.scala:211)
	at scala.meta.internal.tokenizers.LegacyScanner.foreach(LegacyScanner.scala:1011)
	at scala.meta.internal.tokenizers.ScalametaTokenizer.uncachedTokenize(ScalametaTokenizer.scala:24)
	at scala.meta.internal.tokenizers.ScalametaTokenizer.$anonfun$tokenize$1(ScalametaTokenizer.scala:17)
	at scala.collection.concurrent.TrieMap.getOrElseUpdate(TrieMap.scala:962)
	at scala.meta.internal.tokenizers.ScalametaTokenizer.tokenize(ScalametaTokenizer.scala:17)
	at scala.meta.internal.tokenizers.ScalametaTokenizer$$anon$2.apply(ScalametaTokenizer.scala:332)
	at scala.meta.tokenizers.Api$XtensionTokenizeDialectInput.tokenize(Api.scala:25)
	at scala.meta.tokenizers.Api$XtensionTokenizeInputLike.tokenize(Api.scala:14)
	at scala.meta.internal.metals.SemanticTokensProvider$.getTokens(SemanticTokensProvider.scala:28)
	at scala.meta.internal.metals.SemanticTokensProvider$.provide(SemanticTokensProvider.scala:89)
	at scala.meta.internal.metals.Compilers.$anonfun$semanticTokens$3(Compilers.scala:539)
	at scala.concurrent.impl.Promise$Transformation.run(Promise.scala:467)
	at java.util.concurrent.ThreadPoolExecutor.runWorker(ThreadPoolExecutor.java:1128)
	at java.util.concurrent.ThreadPoolExecutor$Worker.run(ThreadPoolExecutor.java:628)
	at java.lang.Thread.run(Thread.java:829)
[0m
2023.12.02 22:18:47 ERROR Failed to tokenize input for semantic tokens for /home/jim/src/adventofcode2023/day2 - Scala/puzzle1/src/main/scala/Main.scala
scala.meta.tokenizers.TokenizeException: <input>:4: error: unclosed string interpolation
  val lines = try source.getLines" finally source.close()
                                  ^
	at scala.meta.internal.tokenizers.Reporter.syntaxError(Reporter.scala:23)
	at scala.meta.internal.tokenizers.Reporter.syntaxError$(Reporter.scala:23)
	at scala.meta.internal.tokenizers.Reporter$$anon$1.syntaxError(Reporter.scala:33)
	at scala.meta.internal.tokenizers.Reporter.syntaxError(Reporter.scala:25)
	at scala.meta.internal.tokenizers.Reporter.syntaxError$(Reporter.scala:25)
	at scala.meta.internal.tokenizers.Reporter$$anon$1.syntaxError(Reporter.scala:33)
	at scala.meta.internal.tokenizers.LegacyScanner.getStringPart(LegacyScanner.scala:659)
	at scala.meta.internal.tokenizers.LegacyScanner.fetchDoubleQuote$1(LegacyScanner.scala:357)
	at scala.meta.internal.tokenizers.LegacyScanner.fetchToken(LegacyScanner.scala:376)
	at scala.meta.internal.tokenizers.LegacyScanner.nextToken(LegacyScanner.scala:211)
	at scala.meta.internal.tokenizers.LegacyScanner.foreach(LegacyScanner.scala:1011)
	at scala.meta.internal.tokenizers.ScalametaTokenizer.uncachedTokenize(ScalametaTokenizer.scala:24)
	at scala.meta.internal.tokenizers.ScalametaTokenizer.$anonfun$tokenize$1(ScalametaTokenizer.scala:17)
	at scala.collection.concurrent.TrieMap.getOrElseUpdate(TrieMap.scala:962)
	at scala.meta.internal.tokenizers.ScalametaTokenizer.tokenize(ScalametaTokenizer.scala:17)
	at scala.meta.internal.tokenizers.ScalametaTokenizer$$anon$2.apply(ScalametaTokenizer.scala:332)
	at scala.meta.tokenizers.Api$XtensionTokenizeDialectInput.tokenize(Api.scala:25)
	at scala.meta.tokenizers.Api$XtensionTokenizeInputLike.tokenize(Api.scala:14)
	at scala.meta.internal.metals.SemanticTokensProvider$.getTokens(SemanticTokensProvider.scala:28)
	at scala.meta.internal.metals.SemanticTokensProvider$.provide(SemanticTokensProvider.scala:89)
	at scala.meta.internal.metals.Compilers.$anonfun$semanticTokens$3(Compilers.scala:539)
	at scala.concurrent.impl.Promise$Transformation.run(Promise.scala:467)
	at java.util.concurrent.ThreadPoolExecutor.runWorker(ThreadPoolExecutor.java:1128)
	at java.util.concurrent.ThreadPoolExecutor$Worker.run(ThreadPoolExecutor.java:628)
	at java.lang.Thread.run(Thread.java:829)
[0m
2023.12.02 22:18:47 WARN  no build target for: /home/jim/src/adventofcode2023/day2 - Scala/puzzle1/src/main/scala/Main.scala[0m
Dec 02, 2023 10:19:16 PM org.eclipse.lsp4j.jsonrpc.RemoteEndpoint handleCancellation
WARNING: Unmatched cancel notification for request id 539
2023.12.02 22:19:25 ERROR Failed to tokenize input for semantic tokens for /home/jim/src/adventofcode2023/day2 - Scala/puzzle1/src/main/scala/Main.scala
scala.meta.tokenizers.TokenizeException: <input>:6: error: malformed xml literal, expected:
Expected ([\t\n\r ] | "="):6:15, found "()\n  lines"
  source.close()
              ^
	at scala.meta.internal.tokenizers.Reporter.syntaxError(Reporter.scala:23)
	at scala.meta.internal.tokenizers.Reporter.syntaxError$(Reporter.scala:23)
	at scala.meta.internal.tokenizers.Reporter$$anon$1.syntaxError(Reporter.scala:33)
	at scala.meta.internal.tokenizers.Reporter.syntaxError(Reporter.scala:25)
	at scala.meta.internal.tokenizers.Reporter.syntaxError$(Reporter.scala:25)
	at scala.meta.internal.tokenizers.Reporter$$anon$1.syntaxError(Reporter.scala:33)
	at scala.meta.internal.tokenizers.LegacyScanner.getXml(LegacyScanner.scala:937)
	at scala.meta.internal.tokenizers.LegacyScanner.fetchLT$1(LegacyScanner.scala:295)
	at scala.meta.internal.tokenizers.LegacyScanner.fetchToken(LegacyScanner.scala:303)
	at scala.meta.internal.tokenizers.LegacyScanner.nextToken(LegacyScanner.scala:211)
	at scala.meta.internal.tokenizers.LegacyScanner.foreach(LegacyScanner.scala:1011)
	at scala.meta.internal.tokenizers.ScalametaTokenizer.uncachedTokenize(ScalametaTokenizer.scala:24)
	at scala.meta.internal.tokenizers.ScalametaTokenizer.$anonfun$tokenize$1(ScalametaTokenizer.scala:17)
	at scala.collection.concurrent.TrieMap.getOrElseUpdate(TrieMap.scala:962)
	at scala.meta.internal.tokenizers.ScalametaTokenizer.tokenize(ScalametaTokenizer.scala:17)
	at scala.meta.internal.tokenizers.ScalametaTokenizer$$anon$2.apply(ScalametaTokenizer.scala:332)
	at scala.meta.tokenizers.Api$XtensionTokenizeDialectInput.tokenize(Api.scala:25)
	at scala.meta.tokenizers.Api$XtensionTokenizeInputLike.tokenize(Api.scala:14)
	at scala.meta.internal.metals.SemanticTokensProvider$.getTokens(SemanticTokensProvider.scala:28)
	at scala.meta.internal.metals.SemanticTokensProvider$.provide(SemanticTokensProvider.scala:89)
	at scala.meta.internal.metals.Compilers.$anonfun$semanticTokens$3(Compilers.scala:539)
	at scala.concurrent.impl.Promise$Transformation.run(Promise.scala:467)
	at java.util.concurrent.ThreadPoolExecutor.runWorker(ThreadPoolExecutor.java:1128)
	at java.util.concurrent.ThreadPoolExecutor$Worker.run(ThreadPoolExecutor.java:628)
	at java.lang.Thread.run(Thread.java:829)
[0m
2023.12.02 22:19:30 WARN  no build target for: /home/jim/src/adventofcode2023/day2 - Scala/puzzle1/src/main/scala/Main.scala[0m
2023.12.02 22:19:38 WARN  no build target for: /home/jim/src/adventofcode2023/day2 - Scala/puzzle1/src/main/scala/Main.scala[0m
2023.12.02 22:19:42 WARN  no build target for: /home/jim/src/adventofcode2023/day2 - Scala/puzzle1/src/main/scala/Main.scala[0m
2023.12.02 22:19:45 WARN  no build target for: /home/jim/src/adventofcode2023/day2 - Scala/puzzle1/src/main/scala/Main.scala[0m
Dec 03, 2023 8:21:10 AM org.eclipse.lsp4j.jsonrpc.RemoteEndpoint handleCancellation
WARNING: Unmatched cancel notification for request id 637
Dec 03, 2023 8:21:30 AM org.eclipse.lsp4j.jsonrpc.RemoteEndpoint handleCancellation
WARNING: Unmatched cancel notification for request id 665
2023.12.03 08:21:31 WARN  no build target for: /home/jim/src/adventofcode2023/day2 - Scala/puzzle1/src/main/scala/Main.scala[0m
2023.12.03 08:21:42 WARN  no build target for: /home/jim/src/adventofcode2023/day2 - Scala/puzzle1/src/main/scala/Main.scala[0m
Dec 04, 2023 8:13:21 AM org.eclipse.lsp4j.jsonrpc.RemoteEndpoint handleCancellation
WARNING: Unmatched cancel notification for request id 851
Dec 04, 2023 8:13:33 AM scala.meta.internal.pc.CompilerAccess handleError
SEVERE: A severe compiler error occurred, full details of the error can be found in the error report /home/jim/src/adventofcode2023/.metals/.reports/metals-full/2023-12-04/r_compiler-error_08-13-33-378.md
2023.12.04 08:13:47 WARN  no build target for: /home/jim/src/adventofcode2023/day2 - Scala/puzzle1/src/main/scala/Main.scala[0m
2023.12.04 08:14:00 WARN  no build target for: /home/jim/src/adventofcode2023/day2 - Scala/puzzle1/src/main/scala/Main.scala[0m
Dec 04, 2023 8:14:32 AM scala.meta.internal.pc.CompilerAccess handleError
SEVERE: A severe compiler error occurred, full details of the error can be found in the error report /home/jim/src/adventofcode2023/.metals/.reports/metals-full/2023-12-04/r_compiler-error_08-14-32-387.md
2023.12.04 08:14:35 WARN  no build target for: /home/jim/src/adventofcode2023/day2 - Scala/puzzle1/src/main/scala/Main.scala[0m
2023.12.04 08:14:55 WARN  no build target for: /home/jim/src/adventofcode2023/day2 - Scala/puzzle1/src/main/scala/Main.scala[0m
2023.12.04 08:28:15 WARN  no build target for: /home/jim/src/adventofcode2023/day2 - Scala/puzzle1/src/main/scala/Main.scala[0m
2023.12.04 08:28:41 WARN  no build target for: /home/jim/src/adventofcode2023/day2 - Scala/puzzle1/src/main/scala/Main.scala[0m
2023.12.04 08:29:22 WARN  no build target for: /home/jim/src/adventofcode2023/day2 - Scala/puzzle1/src/main/scala/Main.scala[0m
2023.12.04 08:29:37 WARN  no build target for: /home/jim/src/adventofcode2023/day2 - Scala/puzzle1/src/main/scala/Main.scala[0m
2023.12.04 08:32:33 WARN  no build target for: /home/jim/src/adventofcode2023/day2 - Scala/puzzle1/src/main/scala/Main.scala[0m
2023.12.04 08:40:53 WARN  no build target for: /home/jim/src/adventofcode2023/day2 - Scala/puzzle1/src/main/scala/Main.scala[0m
2023.12.04 08:43:32 WARN  no build target for: /home/jim/src/adventofcode2023/day2 - Scala/puzzle1/src/main/scala/Main.scala[0m
2023.12.04 08:44:48 WARN  no build target for: /home/jim/src/adventofcode2023/day2 - Scala/puzzle1/src/main/scala/Main.scala[0m
2023.12.04 08:45:23 WARN  no build target for: /home/jim/src/adventofcode2023/day2 - Scala/puzzle1/src/main/scala/Main.scala[0m
2023.12.04 08:46:10 WARN  no build target for: /home/jim/src/adventofcode2023/day2 - Scala/puzzle1/src/main/scala/Main.scala[0m
2023.12.04 08:47:49 WARN  no build target for: /home/jim/src/adventofcode2023/day2 - Scala/puzzle1/src/main/scala/Main.scala[0m
2023.12.04 08:47:56 WARN  no build target for: /home/jim/src/adventofcode2023/day2 - Scala/puzzle1/src/main/scala/Main.scala[0m
2023.12.04 08:48:37 WARN  no build target for: /home/jim/src/adventofcode2023/day2 - Scala/puzzle1/src/main/scala/Main.scala[0m
2023.12.04 08:48:58 WARN  no build target for: /home/jim/src/adventofcode2023/day2 - Scala/puzzle1/src/main/scala/Main.scala[0m
2023.12.04 08:49:04 WARN  no build target for: /home/jim/src/adventofcode2023/day2 - Scala/puzzle1/src/main/scala/Main.scala[0m
2023.12.04 08:50:43 WARN  no build target for: /home/jim/src/adventofcode2023/day2 - Scala/puzzle1/src/main/scala/Main.scala[0m
2023.12.04 08:51:32 WARN  no build target for: /home/jim/src/adventofcode2023/day2 - Scala/puzzle1/src/main/scala/Main.scala[0m
2023.12.04 08:51:36 WARN  no build target for: /home/jim/src/adventofcode2023/day2 - Scala/puzzle1/src/main/scala/Main.scala[0m
2023.12.04 08:51:52 WARN  no build target for: /home/jim/src/adventofcode2023/day2 - Scala/puzzle1/src/main/scala/Main.scala[0m
2023.12.04 08:52:00 WARN  no build target for: /home/jim/src/adventofcode2023/day2 - Scala/puzzle1/src/main/scala/Main.scala[0m
2023.12.04 08:52:26 WARN  no build target for: /home/jim/src/adventofcode2023/day2 - Scala/puzzle1/src/main/scala/Main.scala[0m
2023.12.04 08:52:40 WARN  no build target for: /home/jim/src/adventofcode2023/day2 - Scala/puzzle1/src/main/scala/Main.scala[0m
2023.12.04 08:53:06 WARN  no build target for: /home/jim/src/adventofcode2023/day2 - Scala/puzzle1/src/main/scala/Main.scala[0m
Dec 04, 2023 8:53:16 AM org.eclipse.lsp4j.jsonrpc.RemoteEndpoint handleCancellation
WARNING: Unmatched cancel notification for request id 3186
2023.12.04 08:53:23 WARN  no build target for: /home/jim/src/adventofcode2023/day2 - Scala/puzzle1/src/main/scala/Main.scala[0m
2023.12.04 08:54:03 WARN  no build target for: /home/jim/src/adventofcode2023/day2 - Scala/puzzle1/src/main/scala/Main.scala[0m
2023.12.04 08:54:23 WARN  no build target for: /home/jim/src/adventofcode2023/day2 - Scala/puzzle1/src/main/scala/Main.scala[0m
2023.12.04 08:54:25 WARN  no build target for: /home/jim/src/adventofcode2023/day2 - Scala/puzzle1/src/main/scala/Main.scala[0m
2023.12.04 08:55:03 WARN  no build target for: /home/jim/src/adventofcode2023/day2 - Scala/puzzle1/src/main/scala/Main.scala[0m
2023.12.04 08:55:16 WARN  no build target for: /home/jim/src/adventofcode2023/day2 - Scala/puzzle1/src/main/scala/Main.scala[0m
2023.12.04 08:55:19 WARN  no build target for: /home/jim/src/adventofcode2023/day2 - Scala/puzzle1/src/main/scala/Main.scala[0m
2023.12.04 08:56:22 WARN  no build target for: /home/jim/src/adventofcode2023/day2 - Scala/puzzle1/src/main/scala/Main.scala[0m
2023.12.04 08:56:23 WARN  no build target for: /home/jim/src/adventofcode2023/day2 - Scala/puzzle1/src/main/scala/Main.scala[0m
2023.12.04 08:56:28 WARN  no build target for: /home/jim/src/adventofcode2023/day2 - Scala/puzzle1/src/main/scala/Main.scala[0m
2023.12.04 08:56:43 WARN  no build target for: /home/jim/src/adventofcode2023/day2 - Scala/puzzle1/src/main/scala/Main.scala[0m
2023.12.04 08:57:08 WARN  no build target for: /home/jim/src/adventofcode2023/day2 - Scala/puzzle1/src/main/scala/Main.scala[0m
2023.12.04 08:57:24 WARN  no build target for: /home/jim/src/adventofcode2023/day2 - Scala/puzzle1/src/main/scala/Main.scala[0m
2023.12.04 08:57:28 WARN  no build target for: /home/jim/src/adventofcode2023/day2 - Scala/puzzle1/src/main/scala/Main.scala[0m
2023.12.04 08:57:45 WARN  no build target for: /home/jim/src/adventofcode2023/day2 - Scala/puzzle1/src/main/scala/Main.scala[0m
2023.12.04 08:58:09 WARN  no build target for: /home/jim/src/adventofcode2023/day2 - Scala/puzzle1/src/main/scala/Main.scala[0m
2023.12.04 08:58:40 WARN  no build target for: /home/jim/src/adventofcode2023/day2 - Scala/puzzle1/src/main/scala/Main.scala[0m
2023.12.04 08:58:57 WARN  no build target for: /home/jim/src/adventofcode2023/day2 - Scala/puzzle1/src/main/scala/Main.scala[0m
2023.12.04 08:59:06 WARN  no build target for: /home/jim/src/adventofcode2023/day2 - Scala/puzzle1/src/main/scala/Main.scala[0m
2023.12.04 08:59:33 WARN  no build target for: /home/jim/src/adventofcode2023/day2 - Scala/puzzle1/src/main/scala/Main.scala[0m
2023.12.04 09:10:55 WARN  no build target for: /home/jim/src/adventofcode2023/day2 - Scala/puzzle1 copy/src/main/scala/Main.scala[0m
2023.12.04 09:11:02 WARN  no build target for: /home/jim/src/adventofcode2023/day2 - Scala/puzzle2/src/main/scala/Main.scala[0m
2023.12.04 09:11:43 WARN  no build target for: /home/jim/src/adventofcode2023/day2 - Scala/puzzle2/src/main/scala/Main.scala[0m
2023.12.04 09:12:38 WARN  no build target for: /home/jim/src/adventofcode2023/day2 - Scala/puzzle2/src/main/scala/Main.scala[0m
2023.12.04 09:13:07 WARN  no build target for: /home/jim/src/adventofcode2023/day2 - Scala/puzzle2/src/main/scala/Main.scala[0m
2023.12.04 09:13:13 WARN  no build target for: /home/jim/src/adventofcode2023/day2 - Scala/puzzle2/src/main/scala/Main.scala[0m
2023.12.04 09:15:01 WARN  no build target for: /home/jim/src/adventofcode2023/day2 - Scala/puzzle2/src/main/scala/Main.scala[0m
2023.12.04 09:15:51 WARN  no build target for: /home/jim/src/adventofcode2023/day2 - Scala/puzzle2/src/main/scala/Main.scala[0m
Dec 04, 2023 9:22:31 AM org.eclipse.lsp4j.jsonrpc.services.GenericEndpoint notify
INFO: Unsupported notification method: $/setTrace
